<?xml version="1.0" encoding="UTF-8"?>
<!-- Generated by org.testng.reporters.JUnitXMLReporter -->
<testsuite ignored="17" hostname="Nihar" failures="1" tests="1" name="Register Functionality" time="23.582" errors="0" timestamp="2023-05-16T18:00:44 IST">
  <testcase classname="kartonline.test.TS_001RegisterFunctionalityTest" name="TC_RF_019" time="19.479">
    <failure type="org.openqa.selenium.NoSuchElementException" message="no such element: Unable to locate element: {&amp;quot;method&amp;quot;:&amp;quot;xpath&amp;quot;,&amp;quot;selector&amp;quot;:&amp;quot;//div[@id=&amp;apos;error-password&amp;apos;]&amp;quot;}
  (Session info: chrome=113.0.5672.93)
For documentation on this error, please visit: https://selenium.dev/exceptions/#no_such_element
Build info: version: &amp;apos;4.6.0&amp;apos;, revision: &amp;apos;79f1c02ae20&amp;apos;
System info: os.name: &amp;apos;Windows 11&amp;apos;, os.arch: &amp;apos;amd64&amp;apos;, os.version: &amp;apos;10.0&amp;apos;, java.version: &amp;apos;17.0.7&amp;apos;
Driver info: org.openqa.selenium.chrome.ChromeDriver
Command: [7d2c719bbe5d88179d27daaff243a7e5, findElement {using=xpath, value=//div[@id=&amp;apos;error-password&amp;apos;]}]
Capabilities {acceptInsecureCerts: false, browserName: chrome, browserVersion: 113.0.5672.93, chrome: {chromedriverVersion: 113.0.5672.63 (0e1a4471d5ae..., userDataDir: C:\Users\nihar\AppData\Loca...}, goog:chromeOptions: {debuggerAddress: localhost:59769}, networkConnectionEnabled: false, pageLoadStrategy: normal, platformName: WINDOWS, proxy: Proxy(), se:cdp: ws://localhost:59769/devtoo..., se:cdpVersion: 113.0.5672.93, setWindowRect: true, strictFileInteractability: false, timeouts: {implicit: 0, pageLoad: 300000, script: 30000}, unhandledPromptBehavior: dismiss and notify, webauthn:extension:credBlob: true, webauthn:extension:largeBlob: true, webauthn:extension:minPinLength: true, webauthn:extension:prf: true, webauthn:virtualAuthenticators: true}
Session ID: 7d2c719bbe5d88179d27daaff243a7e5">
      <![CDATA[org.openqa.selenium.NoSuchElementException: no such element: Unable to locate element: {"method":"xpath","selector":"//div[@id='error-password']"}
  (Session info: chrome=113.0.5672.93)
For documentation on this error, please visit: https://selenium.dev/exceptions/#no_such_element
Build info: version: '4.6.0', revision: '79f1c02ae20'
System info: os.name: 'Windows 11', os.arch: 'amd64', os.version: '10.0', java.version: '17.0.7'
Driver info: org.openqa.selenium.chrome.ChromeDriver
Command: [7d2c719bbe5d88179d27daaff243a7e5, findElement {using=xpath, value=//div[@id='error-password']}]
Capabilities {acceptInsecureCerts: false, browserName: chrome, browserVersion: 113.0.5672.93, chrome: {chromedriverVersion: 113.0.5672.63 (0e1a4471d5ae..., userDataDir: C:\Users\nihar\AppData\Loca...}, goog:chromeOptions: {debuggerAddress: localhost:59769}, networkConnectionEnabled: false, pageLoadStrategy: normal, platformName: WINDOWS, proxy: Proxy(), se:cdp: ws://localhost:59769/devtoo..., se:cdpVersion: 113.0.5672.93, setWindowRect: true, strictFileInteractability: false, timeouts: {implicit: 0, pageLoad: 300000, script: 30000}, unhandledPromptBehavior: dismiss and notify, webauthn:extension:credBlob: true, webauthn:extension:largeBlob: true, webauthn:extension:minPinLength: true, webauthn:extension:prf: true, webauthn:virtualAuthenticators: true}
Session ID: 7d2c719bbe5d88179d27daaff243a7e5
at org.openqa.selenium.remote.codec.w3c.W3CHttpResponseCodec.createException(W3CHttpResponseCodec.java:200)
at org.openqa.selenium.remote.codec.w3c.W3CHttpResponseCodec.decode(W3CHttpResponseCodec.java:133)
at org.openqa.selenium.remote.codec.w3c.W3CHttpResponseCodec.decode(W3CHttpResponseCodec.java:53)
at org.openqa.selenium.remote.HttpCommandExecutor.execute(HttpCommandExecutor.java:184)
at org.openqa.selenium.remote.service.DriverCommandExecutor.invokeExecute(DriverCommandExecutor.java:167)
at org.openqa.selenium.remote.service.DriverCommandExecutor.execute(DriverCommandExecutor.java:142)
at org.openqa.selenium.remote.RemoteWebDriver.execute(RemoteWebDriver.java:541)
at org.openqa.selenium.remote.ElementLocation$ElementFinder$2.findElement(ElementLocation.java:162)
at org.openqa.selenium.remote.ElementLocation.findElement(ElementLocation.java:60)
at org.openqa.selenium.remote.RemoteWebDriver.findElement(RemoteWebDriver.java:365)
at org.openqa.selenium.remote.RemoteWebDriver.findElement(RemoteWebDriver.java:357)
at org.openqa.selenium.support.pagefactory.DefaultElementLocator.findElement(DefaultElementLocator.java:70)
at org.openqa.selenium.support.pagefactory.internal.LocatingElementHandler.invoke(LocatingElementHandler.java:39)
at jdk.proxy2/jdk.proxy2.$Proxy17.getText(Unknown Source)
at kartonline.test.TS_001RegisterFunctionalityTest.TC_RF_019(TS_001RegisterFunctionalityTest.java:261)
at java.base/java.util.ArrayList.forEach(ArrayList.java:1511)
at java.base/java.util.concurrent.FutureTask.run(FutureTask.java:264)
at java.base/java.util.concurrent.ThreadPoolExecutor.runWorker(ThreadPoolExecutor.java:1136)
at java.base/java.util.concurrent.ThreadPoolExecutor$Worker.run(ThreadPoolExecutor.java:635)
at java.base/java.lang.Thread.run(Thread.java:833)
... Removed 22 stack frames]]>
    </failure>
  </testcase> <!-- TC_RF_019 -->
  <testcase classname="kartonline.test.TS_001RegisterFunctionalityTest" name="TC_RF_001" time="0.0">
    <ignored/>
  </testcase> <!-- TC_RF_001 -->
  <testcase classname="kartonline.test.TS_001RegisterFunctionalityTest" name="TC_RF_011" time="0.0">
    <ignored/>
  </testcase> <!-- TC_RF_011 -->
  <testcase classname="kartonline.test.TS_001RegisterFunctionalityTest" name="TC_RF_012" time="0.0">
    <ignored/>
  </testcase> <!-- TC_RF_012 -->
  <testcase classname="kartonline.test.TS_001RegisterFunctionalityTest" name="TC_RF_020" time="0.0">
    <ignored/>
  </testcase> <!-- TC_RF_020 -->
  <testcase classname="kartonline.test.TS_001RegisterFunctionalityTest" name="TC_RF_009" time="0.0">
    <ignored/>
  </testcase> <!-- TC_RF_009 -->
  <testcase classname="kartonline.test.TS_001RegisterFunctionalityTest" name="TC_RF_008" time="0.0">
    <ignored/>
  </testcase> <!-- TC_RF_008 -->
  <testcase classname="kartonline.test.TS_001RegisterFunctionalityTest" name="TC_RF_007" time="0.0">
    <ignored/>
  </testcase> <!-- TC_RF_007 -->
  <testcase classname="kartonline.test.TS_001RegisterFunctionalityTest" name="TC_RF_017" time="0.0">
    <ignored/>
  </testcase> <!-- TC_RF_017 -->
  <testcase classname="kartonline.test.TS_001RegisterFunctionalityTest" name="TC_RF_018" time="0.0">
    <ignored/>
  </testcase> <!-- TC_RF_018 -->
  <testcase classname="kartonline.test.TS_001RegisterFunctionalityTest" name="TC_RF_006" time="0.0">
    <ignored/>
  </testcase> <!-- TC_RF_006 -->
  <testcase classname="kartonline.test.TS_001RegisterFunctionalityTest" name="TC_RF_005" time="0.0">
    <ignored/>
  </testcase> <!-- TC_RF_005 -->
  <testcase classname="kartonline.test.TS_001RegisterFunctionalityTest" name="TC_RF_015" time="0.0">
    <ignored/>
  </testcase> <!-- TC_RF_015 -->
  <testcase classname="kartonline.test.TS_001RegisterFunctionalityTest" name="TC_RF_016" time="0.0">
    <ignored/>
  </testcase> <!-- TC_RF_016 -->
  <testcase classname="kartonline.test.TS_001RegisterFunctionalityTest" name="TC_RF_004" time="0.0">
    <ignored/>
  </testcase> <!-- TC_RF_004 -->
  <testcase classname="kartonline.test.TS_001RegisterFunctionalityTest" name="TC_RF_003" time="0.0">
    <ignored/>
  </testcase> <!-- TC_RF_003 -->
  <testcase classname="kartonline.test.TS_001RegisterFunctionalityTest" name="TC_RF_002" time="0.0">
    <ignored/>
  </testcase> <!-- TC_RF_002 -->
  <testcase classname="kartonline.test.TS_001RegisterFunctionalityTest" name="TC_RF_014" time="0.0">
    <ignored/>
  </testcase> <!-- TC_RF_014 -->
</testsuite> <!-- Register Functionality -->
